<?xml version="1.0" encoding="UTF-8"?>
<!-- Generated by org.testng.reporters.JUnitXMLReporter -->
<testsuite ignored="0" hostname="DESKTOP-6P9V2RS" failures="0" tests="4" name="Default test" time="30.723" errors="0" timestamp="2024-06-18T16:20:55 IST">
  <testcase classname="com.OrangeHRM.TeseCases.HomePageTest" name="verifyAdmin" time="5.943"/>
  <testcase classname="com.OrangeHRM.TeseCases.HomePageTest" name="verifySearchWithUsername" time="3.949"/>
  <testcase classname="com.OrangeHRM.TeseCases.HomePageTest" name="verifySearchWithUserRole" time="4.045"/>
  <testcase classname="com.OrangeHRM.TeseCases.HomePageTest" name="verifySearchWithUserStatus" time="2.996"/>
</testsuite> <!-- Default test -->
